{"uid":"a9c7c24c0b372adf","name":"test_convert","fullName":"tests.test_cli#test_convert","historyId":"f35d72d4a06cff57d75e83eb8762ca60","time":{"start":1669038242386,"stop":1669038261959,"duration":19573},"status":"skipped","statusMessage":"XFAIL This is a flaky test that doesn't seem to be working well on Windows.\n\nPermissionError: [WinError 5] Access is denied: 'C:\\\\Users\\\\RUNNER~1\\\\AppData\\\\Local\\\\Temp\\\\tmpsn_zjukp\\\\Lib' -> 'C:\\\\Users\\\\RUNNER~1\\\\AppData\\\\Local\\\\Temp\\\\tmpsn_zjukp\\\\lib'","statusTrace":"Traceback (most recent call last):\n  File \"D:\\a\\conda-build\\conda-build\\tests\\test_cli.py\", line 449, in test_convert\n    main_convert.execute(args)\n  File \"D:\\a\\conda-build\\conda-build\\conda_build\\cli\\main_convert.py\", line 117, in execute\n    api.convert(f, **args.__dict__)\n  File \"D:\\a\\conda-build\\conda-build\\conda_build\\api.py\", line 292, in convert\n    return conda_convert(package_file, output_dir=output_dir, show_imports=show_imports,\n  File \"D:\\a\\conda-build\\conda-build\\conda_build\\convert.py\", line 796, in conda_convert\n    convert_from_windows_to_unix(file_path, output_dir, platform,\n  File \"D:\\a\\conda-build\\conda-build\\conda_build\\convert.py\", line 709, in convert_from_windows_to_unix\n    update_lib_contents(directory, temp_dir, 'unix', file_path)\n  File \"D:\\a\\conda-build\\conda-build\\conda_build\\convert.py\", line 279, in update_lib_contents\n    src_dir.rename(dst_dir)\n  File \"C:\\Users\\runneradmin\\Miniconda3\\lib\\pathlib.py\", line 1382, in rename\n    self._accessor.rename(self, target)\nPermissionError: [WinError 5] Access is denied: 'C:\\\\Users\\\\RUNNER~1\\\\AppData\\\\Local\\\\Temp\\\\tmpsn_zjukp\\\\Lib' -> 'C:\\\\Users\\\\RUNNER~1\\\\AppData\\\\Local\\\\Temp\\\\tmpsn_zjukp\\\\lib'","flaky":false,"newFailed":false,"newBroken":false,"newPassed":false,"retriesCount":0,"retriesStatusChange":false,"beforeStages":[{"name":"tmp_path_factory","time":{"start":1669035076303,"stop":1669035076319,"duration":16},"status":"passed","steps":[],"attachments":[],"parameters":[],"stepsCount":0,"attachmentsCount":0,"shouldDisplayMessage":false,"hasContent":false},{"name":"tmp_path","time":{"start":1669038242371,"stop":1669038242386,"duration":15},"status":"passed","steps":[],"attachments":[],"parameters":[],"stepsCount":0,"attachmentsCount":0,"shouldDisplayMessage":false,"hasContent":false},{"name":"tmpdir","time":{"start":1669038242386,"stop":1669038242386,"duration":0},"status":"passed","steps":[],"attachments":[],"parameters":[],"stepsCount":0,"attachmentsCount":0,"shouldDisplayMessage":false,"hasContent":false},{"name":"testing_workdir","time":{"start":1669038242386,"stop":1669038242386,"duration":0},"status":"passed","steps":[],"attachments":[],"parameters":[],"stepsCount":0,"attachmentsCount":0,"shouldDisplayMessage":false,"hasContent":false},{"name":"testing_config","time":{"start":1669038242386,"stop":1669038242386,"duration":0},"status":"passed","steps":[],"attachments":[],"parameters":[],"stepsCount":0,"attachmentsCount":0,"shouldDisplayMessage":false,"hasContent":false}],"testStage":{"status":"skipped","statusMessage":"XFAIL This is a flaky test that doesn't seem to be working well on Windows.\n\nPermissionError: [WinError 5] Access is denied: 'C:\\\\Users\\\\RUNNER~1\\\\AppData\\\\Local\\\\Temp\\\\tmpsn_zjukp\\\\Lib' -> 'C:\\\\Users\\\\RUNNER~1\\\\AppData\\\\Local\\\\Temp\\\\tmpsn_zjukp\\\\lib'","statusTrace":"Traceback (most recent call last):\n  File \"D:\\a\\conda-build\\conda-build\\tests\\test_cli.py\", line 449, in test_convert\n    main_convert.execute(args)\n  File \"D:\\a\\conda-build\\conda-build\\conda_build\\cli\\main_convert.py\", line 117, in execute\n    api.convert(f, **args.__dict__)\n  File \"D:\\a\\conda-build\\conda-build\\conda_build\\api.py\", line 292, in convert\n    return conda_convert(package_file, output_dir=output_dir, show_imports=show_imports,\n  File \"D:\\a\\conda-build\\conda-build\\conda_build\\convert.py\", line 796, in conda_convert\n    convert_from_windows_to_unix(file_path, output_dir, platform,\n  File \"D:\\a\\conda-build\\conda-build\\conda_build\\convert.py\", line 709, in convert_from_windows_to_unix\n    update_lib_contents(directory, temp_dir, 'unix', file_path)\n  File \"D:\\a\\conda-build\\conda-build\\conda_build\\convert.py\", line 279, in update_lib_contents\n    src_dir.rename(dst_dir)\n  File \"C:\\Users\\runneradmin\\Miniconda3\\lib\\pathlib.py\", line 1382, in rename\n    self._accessor.rename(self, target)\nPermissionError: [WinError 5] Access is denied: 'C:\\\\Users\\\\RUNNER~1\\\\AppData\\\\Local\\\\Temp\\\\tmpsn_zjukp\\\\Lib' -> 'C:\\\\Users\\\\RUNNER~1\\\\AppData\\\\Local\\\\Temp\\\\tmpsn_zjukp\\\\lib'","steps":[],"attachments":[{"uid":"3fc7a2e98ba9bf59","name":"log","source":"3fc7a2e98ba9bf59.txt","type":"text/plain","size":847},{"uid":"bad009e636519684","name":"stdout","source":"bad009e636519684.txt","type":"text/plain","size":61}],"parameters":[],"stepsCount":0,"attachmentsCount":2,"shouldDisplayMessage":true,"hasContent":true},"afterStages":[{"name":"testing_workdir::return_to_saved_path","time":{"start":1669038261975,"stop":1669038261975,"duration":0},"status":"passed","steps":[],"attachments":[],"parameters":[],"stepsCount":0,"attachmentsCount":0,"shouldDisplayMessage":false,"hasContent":false}],"labels":[{"name":"tag","value":"@pytest.mark.xfail(True, reason='This is a flaky test that doesn't seem to be working well on Windows.')"},{"name":"parentSuite","value":"tests"},{"name":"suite","value":"test_cli"},{"name":"host","value":"fv-az171-451"},{"name":"thread","value":"588-MainThread"},{"name":"framework","value":"pytest"},{"name":"language","value":"cpython3"},{"name":"package","value":"tests.test_cli"},{"name":"resultFormat","value":"allure2"}],"parameters":[],"links":[],"hidden":false,"retry":false,"extra":{"severity":"normal","retries":[],"categories":[],"history":{"statistic":{"failed":0,"broken":0,"skipped":1,"passed":1,"unknown":0,"total":2},"items":[{"uid":"a89a269ba9c0b267","status":"passed","time":{"start":1668037729357,"stop":1668037749503,"duration":20146}}]},"tags":["@pytest.mark.xfail(True, reason='This is a flaky test that doesn't seem to be working well on Windows.')"]},"source":"a9c7c24c0b372adf.json","parameterValues":[]}