{"uid":"cd241c98dacd7bdc","name":"test_variant_with_ignore_numpy_version_reduces_matrix","fullName":"tests.test_variants#test_variant_with_ignore_numpy_version_reduces_matrix","historyId":"20be92025da8fed1321d1f318c32bbaf","time":{"start":1673022630923,"stop":1673022631273,"duration":350},"status":"skipped","statusMessage":"XFAIL Strange failure 7/19/2017.  Can't reproduce locally.  Test runs fine with parallelism and everything.  Test fails reproducibly on CI, but logging into appveyor after failed run, test passes.  =(\n\nAssertionError: [({'undefined_jinja_vars': [], 'config': <conda_build.config.Config object at 0x7f34ca98f110>, '_meta_path': '/home/ru...mkl', 'numpy 1.11.*', 'python 3.5.*'], 'run': ['numpy', 'python']}, 'build': {}, 'about': {}}, {...}))])}, True, None)]\nassert 4 == 2\n +  where 4 = len([({'undefined_jinja_vars': [], 'config': <conda_build.config.Config object at 0x7f34ca98f110>, '_meta_path': '/home/runner/work/conda-build/conda-build/tests/test-recipes/variants/03_numpy_matrix/meta.yaml', '_meta_name': 'meta.yaml', 'path': '/home/runner/work/conda-build/conda-build/tests/test-recipes/variants/03_numpy_matrix', 'requirements_path': '/home/runner/work/conda-build/conda-build/tests/test-recipes/variants/03_numpy_matrix/requirements.txt', 'meta': {'package': {'name': 'numpy_matrix', 'version': '1.0'}, 'requirements': {'build': ['python 2.7.*', 'numpy 1.10.*', 'nomkl'], 'run': ['python', 'numpy']}, 'extra': {'final': True}, 'build': {}, 'about': {}}, 'type': 'conda', 'other_outputs': OrderedDict([(('numpy_matrix', {'python': '2.7.*', 'numpy': '1.10.*', 'target_platform': 'linux-64'}), ({'name': 'numpy_matrix', 'requirements': {'build': ['nomkl', 'numpy 1.10.*', 'python 2.7.*'], 'run': ['numpy', 'python']}, 'build': {}, 'about': {}}, {...}))])}, True, None), ({'undefined_jinja_vars': [], 'config': <conda_build.config.Config object at 0x7f34ca97c390>, '_meta_path': '/home/runner/work/conda-build/conda-build/tests/test-recipes/variants/03_numpy_matrix/meta.yaml', '_meta_name': 'meta.yaml', 'path': '/home/runner/work/conda-build/conda-build/tests/test-recipes/variants/03_numpy_matrix', 'requirements_path': '/home/runner/work/conda-build/conda-build/tests/test-recipes/variants/03_numpy_matrix/requirements.txt', 'meta': {'package': {'name': 'numpy_matrix', 'version': '1.0'}, 'requirements': {'build': ['python 2.7.*', 'numpy 1.11.*', 'nomkl'], 'run': ['python', 'numpy']}, 'extra': {'final': True}, 'build': {}, 'about': {}}, 'type': 'conda', 'other_outputs': OrderedDict([(('numpy_matrix', {'python': '2.7.*', 'numpy': '1.11.*', 'target_platform': 'linux-64'}), ({'name': 'numpy_matrix', 'requirements': {'build': ['nomkl', 'numpy 1.11.*', 'python 2.7.*'], 'run': ['numpy', 'python']}, 'build': {}, 'about': {}}, {...}))])}, True, None), ({'undefined_jinja_vars': [], 'config': <conda_build.config.Config object at 0x7f34c0321450>, '_meta_path': '/home/runner/work/conda-build/conda-build/tests/test-recipes/variants/03_numpy_matrix/meta.yaml', '_meta_name': 'meta.yaml', 'path': '/home/runner/work/conda-build/conda-build/tests/test-recipes/variants/03_numpy_matrix', 'requirements_path': '/home/runner/work/conda-build/conda-build/tests/test-recipes/variants/03_numpy_matrix/requirements.txt', 'meta': {'package': {'name': 'numpy_matrix', 'version': '1.0'}, 'requirements': {'build': ['python 3.5.*', 'numpy 1.10.*', 'nomkl'], 'run': ['python', 'numpy']}, 'extra': {'final': True}, 'build': {}, 'about': {}}, 'type': 'conda', 'other_outputs': OrderedDict([(('numpy_matrix', {'python': '3.5.*', 'numpy': '1.10.*', 'target_platform': 'linux-64'}), ({'name': 'numpy_matrix', 'requirements': {'build': ['nomkl', 'numpy 1.10.*', 'python 3.5.*'], 'run': ['numpy', 'python']}, 'build': {}, 'about': {}}, {...}))])}, True, None), ({'undefined_jinja_vars': [], 'config': <conda_build.config.Config object at 0x7f34c07e8850>, '_meta_path': '/home/runner/work/conda-build/conda-build/tests/test-recipes/variants/03_numpy_matrix/meta.yaml', '_meta_name': 'meta.yaml', 'path': '/home/runner/work/conda-build/conda-build/tests/test-recipes/variants/03_numpy_matrix', 'requirements_path': '/home/runner/work/conda-build/conda-build/tests/test-recipes/variants/03_numpy_matrix/requirements.txt', 'meta': {'package': {'name': 'numpy_matrix', 'version': '1.0'}, 'requirements': {'build': ['python 3.5.*', 'numpy 1.11.*', 'nomkl'], 'run': ['python', 'numpy']}, 'extra': {'final': True}, 'build': {}, 'about': {}}, 'type': 'conda', 'other_outputs': OrderedDict([(('numpy_matrix', {'python': '3.5.*', 'numpy': '1.11.*', 'target_platform': 'linux-64'}), ({'name': 'numpy_matrix', 'requirements': {'build': ['nomkl', 'numpy 1.11.*', 'python 3.5.*'], 'run': ['numpy', 'python']}, 'build': {}, 'about': {}}, {...}))])}, True, None)])","statusTrace":"Traceback (most recent call last):\n  File \"/home/runner/work/conda-build/conda-build/tests/test_variants.py\", line 81, in test_variant_with_ignore_numpy_version_reduces_matrix\n    assert len(metadata) == 2, metadata\nAssertionError: [({'undefined_jinja_vars': [], 'config': <conda_build.config.Config object at 0x7f34ca98f110>, '_meta_path': '/home/ru...mkl', 'numpy 1.11.*', 'python 3.5.*'], 'run': ['numpy', 'python']}, 'build': {}, 'about': {}}, {...}))])}, True, None)]\nassert 4 == 2\n +  where 4 = len([({'undefined_jinja_vars': [], 'config': <conda_build.config.Config object at 0x7f34ca98f110>, '_meta_path': '/home/runner/work/conda-build/conda-build/tests/test-recipes/variants/03_numpy_matrix/meta.yaml', '_meta_name': 'meta.yaml', 'path': '/home/runner/work/conda-build/conda-build/tests/test-recipes/variants/03_numpy_matrix', 'requirements_path': '/home/runner/work/conda-build/conda-build/tests/test-recipes/variants/03_numpy_matrix/requirements.txt', 'meta': {'package': {'name': 'numpy_matrix', 'version': '1.0'}, 'requirements': {'build': ['python 2.7.*', 'numpy 1.10.*', 'nomkl'], 'run': ['python', 'numpy']}, 'extra': {'final': True}, 'build': {}, 'about': {}}, 'type': 'conda', 'other_outputs': OrderedDict([(('numpy_matrix', {'python': '2.7.*', 'numpy': '1.10.*', 'target_platform': 'linux-64'}), ({'name': 'numpy_matrix', 'requirements': {'build': ['nomkl', 'numpy 1.10.*', 'python 2.7.*'], 'run': ['numpy', 'python']}, 'build': {}, 'about': {}}, {...}))])}, True, None), ({'undefined_jinja_vars': [], 'config': <conda_build.config.Config object at 0x7f34ca97c390>, '_meta_path': '/home/runner/work/conda-build/conda-build/tests/test-recipes/variants/03_numpy_matrix/meta.yaml', '_meta_name': 'meta.yaml', 'path': '/home/runner/work/conda-build/conda-build/tests/test-recipes/variants/03_numpy_matrix', 'requirements_path': '/home/runner/work/conda-build/conda-build/tests/test-recipes/variants/03_numpy_matrix/requirements.txt', 'meta': {'package': {'name': 'numpy_matrix', 'version': '1.0'}, 'requirements': {'build': ['python 2.7.*', 'numpy 1.11.*', 'nomkl'], 'run': ['python', 'numpy']}, 'extra': {'final': True}, 'build': {}, 'about': {}}, 'type': 'conda', 'other_outputs': OrderedDict([(('numpy_matrix', {'python': '2.7.*', 'numpy': '1.11.*', 'target_platform': 'linux-64'}), ({'name': 'numpy_matrix', 'requirements': {'build': ['nomkl', 'numpy 1.11.*', 'python 2.7.*'], 'run': ['numpy', 'python']}, 'build': {}, 'about': {}}, {...}))])}, True, None), ({'undefined_jinja_vars': [], 'config': <conda_build.config.Config object at 0x7f34c0321450>, '_meta_path': '/home/runner/work/conda-build/conda-build/tests/test-recipes/variants/03_numpy_matrix/meta.yaml', '_meta_name': 'meta.yaml', 'path': '/home/runner/work/conda-build/conda-build/tests/test-recipes/variants/03_numpy_matrix', 'requirements_path': '/home/runner/work/conda-build/conda-build/tests/test-recipes/variants/03_numpy_matrix/requirements.txt', 'meta': {'package': {'name': 'numpy_matrix', 'version': '1.0'}, 'requirements': {'build': ['python 3.5.*', 'numpy 1.10.*', 'nomkl'], 'run': ['python', 'numpy']}, 'extra': {'final': True}, 'build': {}, 'about': {}}, 'type': 'conda', 'other_outputs': OrderedDict([(('numpy_matrix', {'python': '3.5.*', 'numpy': '1.10.*', 'target_platform': 'linux-64'}), ({'name': 'numpy_matrix', 'requirements': {'build': ['nomkl', 'numpy 1.10.*', 'python 3.5.*'], 'run': ['numpy', 'python']}, 'build': {}, 'about': {}}, {...}))])}, True, None), ({'undefined_jinja_vars': [], 'config': <conda_build.config.Config object at 0x7f34c07e8850>, '_meta_path': '/home/runner/work/conda-build/conda-build/tests/test-recipes/variants/03_numpy_matrix/meta.yaml', '_meta_name': 'meta.yaml', 'path': '/home/runner/work/conda-build/conda-build/tests/test-recipes/variants/03_numpy_matrix', 'requirements_path': '/home/runner/work/conda-build/conda-build/tests/test-recipes/variants/03_numpy_matrix/requirements.txt', 'meta': {'package': {'name': 'numpy_matrix', 'version': '1.0'}, 'requirements': {'build': ['python 3.5.*', 'numpy 1.11.*', 'nomkl'], 'run': ['python', 'numpy']}, 'extra': {'final': True}, 'build': {}, 'about': {}}, 'type': 'conda', 'other_outputs': OrderedDict([(('numpy_matrix', {'python': '3.5.*', 'numpy': '1.11.*', 'target_platform': 'linux-64'}), ({'name': 'numpy_matrix', 'requirements': {'build': ['nomkl', 'numpy 1.11.*', 'python 3.5.*'], 'run': ['numpy', 'python']}, 'build': {}, 'about': {}}, {...}))])}, True, None)])","flaky":false,"newFailed":false,"newBroken":false,"newPassed":false,"retriesCount":0,"retriesStatusChange":false,"beforeStages":[{"name":"tmp_path_factory","time":{"start":1673018815694,"stop":1673018815695,"duration":1},"status":"passed","steps":[],"attachments":[],"parameters":[],"stepsCount":0,"attachmentsCount":0,"shouldDisplayMessage":false,"hasContent":false},{"name":"tmp_path","time":{"start":1673022630919,"stop":1673022630921,"duration":2},"status":"passed","steps":[],"attachments":[],"parameters":[],"stepsCount":0,"attachmentsCount":0,"shouldDisplayMessage":false,"hasContent":false},{"name":"testing_config","time":{"start":1673022630921,"stop":1673022630921,"duration":0},"status":"passed","steps":[],"attachments":[],"parameters":[],"stepsCount":0,"attachmentsCount":0,"shouldDisplayMessage":false,"hasContent":false},{"name":"tmpdir","time":{"start":1673022630921,"stop":1673022630921,"duration":0},"status":"passed","steps":[],"attachments":[],"parameters":[],"stepsCount":0,"attachmentsCount":0,"shouldDisplayMessage":false,"hasContent":false},{"name":"testing_workdir","time":{"start":1673022630921,"stop":1673022630921,"duration":0},"status":"passed","steps":[],"attachments":[],"parameters":[],"stepsCount":0,"attachmentsCount":0,"shouldDisplayMessage":false,"hasContent":false},{"name":"monkeypatch","time":{"start":1673022630922,"stop":1673022630922,"duration":0},"status":"passed","steps":[],"attachments":[],"parameters":[],"stepsCount":0,"attachmentsCount":0,"shouldDisplayMessage":false,"hasContent":false},{"name":"numpy_version_ignored","time":{"start":1673022630922,"stop":1673022630922,"duration":0},"status":"passed","steps":[],"attachments":[],"parameters":[],"stepsCount":0,"attachmentsCount":0,"shouldDisplayMessage":false,"hasContent":false},{"name":"default_testing_config","time":{"start":1673022630922,"stop":1673022630922,"duration":0},"status":"passed","steps":[],"attachments":[],"parameters":[],"stepsCount":0,"attachmentsCount":0,"shouldDisplayMessage":false,"hasContent":false}],"afterStages":[{"name":"monkeypatch::0","time":{"start":1673022631277,"stop":1673022631277,"duration":0},"status":"passed","steps":[],"attachments":[],"parameters":[],"stepsCount":0,"attachmentsCount":0,"shouldDisplayMessage":false,"hasContent":false},{"name":"testing_workdir::return_to_saved_path","time":{"start":1673022631278,"stop":1673022631278,"duration":0},"status":"passed","steps":[],"attachments":[],"parameters":[],"stepsCount":0,"attachmentsCount":0,"shouldDisplayMessage":false,"hasContent":false}],"labels":[{"name":"tag","value":"@pytest.mark.xfail(reason='Strange failure 7/19/2017.  Can't reproduce locally.  Test runs fine with parallelism and everything.  Test fails reproducibly on CI, but logging into appveyor after failed run, test passes.  =(')"},{"name":"parentSuite","value":"tests"},{"name":"suite","value":"test_variants"},{"name":"host","value":"fv-az587-112"},{"name":"thread","value":"3782-MainThread"},{"name":"framework","value":"pytest"},{"name":"language","value":"cpython3"},{"name":"package","value":"tests.test_variants"},{"name":"resultFormat","value":"allure2"}],"parameters":[],"links":[],"hidden":false,"retry":false,"extra":{"severity":"normal","retries":[],"categories":[],"tags":["@pytest.mark.xfail(reason='Strange failure 7/19/2017.  Can't reproduce locally.  Test runs fine with parallelism and everything.  Test fails reproducibly on CI, but logging into appveyor after failed run, test passes.  =(')"]},"source":"cd241c98dacd7bdc.json","parameterValues":[]}