{"uid":"8605affa18734512","name":"test_variant_with_ignore_numpy_version_reduces_matrix","fullName":"tests.test_variants#test_variant_with_ignore_numpy_version_reduces_matrix","historyId":"20be92025da8fed1321d1f318c32bbaf","time":{"start":1673041450623,"stop":1673041450984,"duration":361},"status":"skipped","statusMessage":"XFAIL Strange failure 7/19/2017.  Can't reproduce locally.  Test runs fine with parallelism and everything.  Test fails reproducibly on CI, but logging into appveyor after failed run, test passes.  =(\n\nAssertionError: [({'undefined_jinja_vars': [], 'config': <conda_build.config.Config object at 0x7f7957081810>, '_meta_path': '/home/ru...mkl', 'numpy 1.11.*', 'python 3.5.*'], 'run': ['numpy', 'python']}, 'build': {}, 'about': {}}, {...}))])}, True, None)]\nassert 4 == 2\n +  where 4 = len([({'undefined_jinja_vars': [], 'config': <conda_build.config.Config object at 0x7f7957081810>, '_meta_path': '/home/runner/work/conda-build/conda-build/tests/test-recipes/variants/03_numpy_matrix/meta.yaml', '_meta_name': 'meta.yaml', 'path': '/home/runner/work/conda-build/conda-build/tests/test-recipes/variants/03_numpy_matrix', 'requirements_path': '/home/runner/work/conda-build/conda-build/tests/test-recipes/variants/03_numpy_matrix/requirements.txt', 'meta': {'package': {'name': 'numpy_matrix', 'version': '1.0'}, 'requirements': {'build': ['python 2.7.*', 'numpy 1.10.*', 'nomkl'], 'run': ['python', 'numpy']}, 'extra': {'final': True}, 'build': {}, 'about': {}}, 'type': 'conda', 'other_outputs': OrderedDict([(('numpy_matrix', {'target_platform': 'linux-64', 'numpy': '1.10.*', 'python': '2.7.*'}), ({'name': 'numpy_matrix', 'requirements': {'build': ['nomkl', 'numpy 1.10.*', 'python 2.7.*'], 'run': ['numpy', 'python']}, 'build': {}, 'about': {}}, {...}))])}, True, None), ({'undefined_jinja_vars': [], 'config': <conda_build.config.Config object at 0x7f7949660ee0>, '_meta_path': '/home/runner/work/conda-build/conda-build/tests/test-recipes/variants/03_numpy_matrix/meta.yaml', '_meta_name': 'meta.yaml', 'path': '/home/runner/work/conda-build/conda-build/tests/test-recipes/variants/03_numpy_matrix', 'requirements_path': '/home/runner/work/conda-build/conda-build/tests/test-recipes/variants/03_numpy_matrix/requirements.txt', 'meta': {'package': {'name': 'numpy_matrix', 'version': '1.0'}, 'requirements': {'build': ['python 3.5.*', 'numpy 1.10.*', 'nomkl'], 'run': ['python', 'numpy']}, 'extra': {'final': True}, 'build': {}, 'about': {}}, 'type': 'conda', 'other_outputs': OrderedDict([(('numpy_matrix', {'target_platform': 'linux-64', 'numpy': '1.10.*', 'python': '3.5.*'}), ({'name': 'numpy_matrix', 'requirements': {'build': ['nomkl', 'numpy 1.10.*', 'python 3.5.*'], 'run': ['numpy', 'python']}, 'build': {}, 'about': {}}, {...}))])}, True, None), ({'undefined_jinja_vars': [], 'config': <conda_build.config.Config object at 0x7f7949751c90>, '_meta_path': '/home/runner/work/conda-build/conda-build/tests/test-recipes/variants/03_numpy_matrix/meta.yaml', '_meta_name': 'meta.yaml', 'path': '/home/runner/work/conda-build/conda-build/tests/test-recipes/variants/03_numpy_matrix', 'requirements_path': '/home/runner/work/conda-build/conda-build/tests/test-recipes/variants/03_numpy_matrix/requirements.txt', 'meta': {'package': {'name': 'numpy_matrix', 'version': '1.0'}, 'requirements': {'build': ['python 2.7.*', 'numpy 1.11.*', 'nomkl'], 'run': ['python', 'numpy']}, 'extra': {'final': True}, 'build': {}, 'about': {}}, 'type': 'conda', 'other_outputs': OrderedDict([(('numpy_matrix', {'target_platform': 'linux-64', 'numpy': '1.11.*', 'python': '2.7.*'}), ({'name': 'numpy_matrix', 'requirements': {'build': ['nomkl', 'numpy 1.11.*', 'python 2.7.*'], 'run': ['numpy', 'python']}, 'build': {}, 'about': {}}, {...}))])}, True, None), ({'undefined_jinja_vars': [], 'config': <conda_build.config.Config object at 0x7f7949751000>, '_meta_path': '/home/runner/work/conda-build/conda-build/tests/test-recipes/variants/03_numpy_matrix/meta.yaml', '_meta_name': 'meta.yaml', 'path': '/home/runner/work/conda-build/conda-build/tests/test-recipes/variants/03_numpy_matrix', 'requirements_path': '/home/runner/work/conda-build/conda-build/tests/test-recipes/variants/03_numpy_matrix/requirements.txt', 'meta': {'package': {'name': 'numpy_matrix', 'version': '1.0'}, 'requirements': {'build': ['python 3.5.*', 'numpy 1.11.*', 'nomkl'], 'run': ['python', 'numpy']}, 'extra': {'final': True}, 'build': {}, 'about': {}}, 'type': 'conda', 'other_outputs': OrderedDict([(('numpy_matrix', {'target_platform': 'linux-64', 'numpy': '1.11.*', 'python': '3.5.*'}), ({'name': 'numpy_matrix', 'requirements': {'build': ['nomkl', 'numpy 1.11.*', 'python 3.5.*'], 'run': ['numpy', 'python']}, 'build': {}, 'about': {}}, {...}))])}, True, None)])","statusTrace":"Traceback (most recent call last):\n  File \"/home/runner/work/conda-build/conda-build/tests/test_variants.py\", line 81, in test_variant_with_ignore_numpy_version_reduces_matrix\n    assert len(metadata) == 2, metadata\nAssertionError: [({'undefined_jinja_vars': [], 'config': <conda_build.config.Config object at 0x7f7957081810>, '_meta_path': '/home/ru...mkl', 'numpy 1.11.*', 'python 3.5.*'], 'run': ['numpy', 'python']}, 'build': {}, 'about': {}}, {...}))])}, True, None)]\nassert 4 == 2\n +  where 4 = len([({'undefined_jinja_vars': [], 'config': <conda_build.config.Config object at 0x7f7957081810>, '_meta_path': '/home/runner/work/conda-build/conda-build/tests/test-recipes/variants/03_numpy_matrix/meta.yaml', '_meta_name': 'meta.yaml', 'path': '/home/runner/work/conda-build/conda-build/tests/test-recipes/variants/03_numpy_matrix', 'requirements_path': '/home/runner/work/conda-build/conda-build/tests/test-recipes/variants/03_numpy_matrix/requirements.txt', 'meta': {'package': {'name': 'numpy_matrix', 'version': '1.0'}, 'requirements': {'build': ['python 2.7.*', 'numpy 1.10.*', 'nomkl'], 'run': ['python', 'numpy']}, 'extra': {'final': True}, 'build': {}, 'about': {}}, 'type': 'conda', 'other_outputs': OrderedDict([(('numpy_matrix', {'target_platform': 'linux-64', 'numpy': '1.10.*', 'python': '2.7.*'}), ({'name': 'numpy_matrix', 'requirements': {'build': ['nomkl', 'numpy 1.10.*', 'python 2.7.*'], 'run': ['numpy', 'python']}, 'build': {}, 'about': {}}, {...}))])}, True, None), ({'undefined_jinja_vars': [], 'config': <conda_build.config.Config object at 0x7f7949660ee0>, '_meta_path': '/home/runner/work/conda-build/conda-build/tests/test-recipes/variants/03_numpy_matrix/meta.yaml', '_meta_name': 'meta.yaml', 'path': '/home/runner/work/conda-build/conda-build/tests/test-recipes/variants/03_numpy_matrix', 'requirements_path': '/home/runner/work/conda-build/conda-build/tests/test-recipes/variants/03_numpy_matrix/requirements.txt', 'meta': {'package': {'name': 'numpy_matrix', 'version': '1.0'}, 'requirements': {'build': ['python 3.5.*', 'numpy 1.10.*', 'nomkl'], 'run': ['python', 'numpy']}, 'extra': {'final': True}, 'build': {}, 'about': {}}, 'type': 'conda', 'other_outputs': OrderedDict([(('numpy_matrix', {'target_platform': 'linux-64', 'numpy': '1.10.*', 'python': '3.5.*'}), ({'name': 'numpy_matrix', 'requirements': {'build': ['nomkl', 'numpy 1.10.*', 'python 3.5.*'], 'run': ['numpy', 'python']}, 'build': {}, 'about': {}}, {...}))])}, True, None), ({'undefined_jinja_vars': [], 'config': <conda_build.config.Config object at 0x7f7949751c90>, '_meta_path': '/home/runner/work/conda-build/conda-build/tests/test-recipes/variants/03_numpy_matrix/meta.yaml', '_meta_name': 'meta.yaml', 'path': '/home/runner/work/conda-build/conda-build/tests/test-recipes/variants/03_numpy_matrix', 'requirements_path': '/home/runner/work/conda-build/conda-build/tests/test-recipes/variants/03_numpy_matrix/requirements.txt', 'meta': {'package': {'name': 'numpy_matrix', 'version': '1.0'}, 'requirements': {'build': ['python 2.7.*', 'numpy 1.11.*', 'nomkl'], 'run': ['python', 'numpy']}, 'extra': {'final': True}, 'build': {}, 'about': {}}, 'type': 'conda', 'other_outputs': OrderedDict([(('numpy_matrix', {'target_platform': 'linux-64', 'numpy': '1.11.*', 'python': '2.7.*'}), ({'name': 'numpy_matrix', 'requirements': {'build': ['nomkl', 'numpy 1.11.*', 'python 2.7.*'], 'run': ['numpy', 'python']}, 'build': {}, 'about': {}}, {...}))])}, True, None), ({'undefined_jinja_vars': [], 'config': <conda_build.config.Config object at 0x7f7949751000>, '_meta_path': '/home/runner/work/conda-build/conda-build/tests/test-recipes/variants/03_numpy_matrix/meta.yaml', '_meta_name': 'meta.yaml', 'path': '/home/runner/work/conda-build/conda-build/tests/test-recipes/variants/03_numpy_matrix', 'requirements_path': '/home/runner/work/conda-build/conda-build/tests/test-recipes/variants/03_numpy_matrix/requirements.txt', 'meta': {'package': {'name': 'numpy_matrix', 'version': '1.0'}, 'requirements': {'build': ['python 3.5.*', 'numpy 1.11.*', 'nomkl'], 'run': ['python', 'numpy']}, 'extra': {'final': True}, 'build': {}, 'about': {}}, 'type': 'conda', 'other_outputs': OrderedDict([(('numpy_matrix', {'target_platform': 'linux-64', 'numpy': '1.11.*', 'python': '3.5.*'}), ({'name': 'numpy_matrix', 'requirements': {'build': ['nomkl', 'numpy 1.11.*', 'python 3.5.*'], 'run': ['numpy', 'python']}, 'build': {}, 'about': {}}, {...}))])}, True, None)])","flaky":false,"newFailed":false,"newBroken":false,"newPassed":false,"retriesCount":0,"retriesStatusChange":false,"beforeStages":[{"name":"tmp_path_factory","time":{"start":1673037837147,"stop":1673037837148,"duration":1},"status":"passed","steps":[],"attachments":[],"parameters":[],"stepsCount":0,"attachmentsCount":0,"shouldDisplayMessage":false,"hasContent":false},{"name":"tmp_path","time":{"start":1673041450619,"stop":1673041450620,"duration":1},"status":"passed","steps":[],"attachments":[],"parameters":[],"stepsCount":0,"attachmentsCount":0,"shouldDisplayMessage":false,"hasContent":false},{"name":"tmpdir","time":{"start":1673041450620,"stop":1673041450620,"duration":0},"status":"passed","steps":[],"attachments":[],"parameters":[],"stepsCount":0,"attachmentsCount":0,"shouldDisplayMessage":false,"hasContent":false},{"name":"testing_workdir","time":{"start":1673041450620,"stop":1673041450621,"duration":1},"status":"passed","steps":[],"attachments":[],"parameters":[],"stepsCount":0,"attachmentsCount":0,"shouldDisplayMessage":false,"hasContent":false},{"name":"testing_config","time":{"start":1673041450621,"stop":1673041450621,"duration":0},"status":"passed","steps":[],"attachments":[],"parameters":[],"stepsCount":0,"attachmentsCount":0,"shouldDisplayMessage":false,"hasContent":false},{"name":"monkeypatch","time":{"start":1673041450621,"stop":1673041450621,"duration":0},"status":"passed","steps":[],"attachments":[],"parameters":[],"stepsCount":0,"attachmentsCount":0,"shouldDisplayMessage":false,"hasContent":false},{"name":"default_testing_config","time":{"start":1673041450621,"stop":1673041450621,"duration":0},"status":"passed","steps":[],"attachments":[],"parameters":[],"stepsCount":0,"attachmentsCount":0,"shouldDisplayMessage":false,"hasContent":false},{"name":"numpy_version_ignored","time":{"start":1673041450622,"stop":1673041450622,"duration":0},"status":"passed","steps":[],"attachments":[],"parameters":[],"stepsCount":0,"attachmentsCount":0,"shouldDisplayMessage":false,"hasContent":false}],"afterStages":[{"name":"monkeypatch::0","time":{"start":1673041450987,"stop":1673041450988,"duration":1},"status":"passed","steps":[],"attachments":[],"parameters":[],"stepsCount":0,"attachmentsCount":0,"shouldDisplayMessage":false,"hasContent":false},{"name":"testing_workdir::return_to_saved_path","time":{"start":1673041450988,"stop":1673041450988,"duration":0},"status":"passed","steps":[],"attachments":[],"parameters":[],"stepsCount":0,"attachmentsCount":0,"shouldDisplayMessage":false,"hasContent":false}],"labels":[{"name":"tag","value":"@pytest.mark.xfail(reason='Strange failure 7/19/2017.  Can't reproduce locally.  Test runs fine with parallelism and everything.  Test fails reproducibly on CI, but logging into appveyor after failed run, test passes.  =(')"},{"name":"parentSuite","value":"tests"},{"name":"suite","value":"test_variants"},{"name":"host","value":"fv-az419-341"},{"name":"thread","value":"3709-MainThread"},{"name":"framework","value":"pytest"},{"name":"language","value":"cpython3"},{"name":"package","value":"tests.test_variants"},{"name":"resultFormat","value":"allure2"}],"parameters":[],"links":[],"hidden":false,"retry":false,"extra":{"severity":"normal","retries":[],"categories":[],"tags":["@pytest.mark.xfail(reason='Strange failure 7/19/2017.  Can't reproduce locally.  Test runs fine with parallelism and everything.  Test fails reproducibly on CI, but logging into appveyor after failed run, test passes.  =(')"]},"source":"8605affa18734512.json","parameterValues":[]}