Attempting to finalize metadata for test_bad_patch
BUILD START: ['test_bad_patch-1.0-0.tar.bz2']
Copying D:\a\conda-build\conda-build\tests\test-recipes\test-package to C:\Users\runneradmin\cbtmp\popen-gw1\test_failed_patch_exits_build0\test_bad_patch_1668030388668\work\
Applying patch: D:\a\conda-build\conda-build\tests\test-recipes\metadata\_bad_patch\fail_to_apply.patch
Applying patch: D:\a\conda-build\conda-build\tests\test-recipes\metadata\_bad_patch\fail_to_apply.patch with args:
['-Np4', '-i', 'C:\\Users\\RUNNER~1\\AppData\\Local\\Temp\\tmp90bp_x01\\fail_to_apply.patch.native', '--binary']
checking file setup.py
Hunk #1 FAILED at 10.
1 out of 1 hunk FAILED
Warning: failed to download source.  If building, will try again after downloading recipe dependencies.
Error was: 
Command '['C:\\Users\\runneradmin\\Miniconda3\\Library\\usr\\bin\\patch.exe', '--no-backup-if-mismatch', '--batch', '-Np4', '-i', 'C:\\Users\\RUNNER~1\\AppData\\Local\\Temp\\tmp90bp_x01\\fail_to_apply.patch.native', '--binary', '--dry-run']' returned non-zero exit status 1.
